2025-02-12 14:07:42,148 - INFO - Starting database setup...
2025-02-12 14:07:42,148 - INFO - Checking if database 'kyc_db' exists...
2025-02-12 14:07:42,155 - INFO - Database 'kyc_db' already exists.
2025-02-12 14:07:42,155 - INFO - Creating tables if they do not exist...
2025-02-12 14:07:42,158 - INFO - SELECT DATABASE()
2025-02-12 14:07:42,158 - INFO - [raw sql] {}
2025-02-12 14:07:42,158 - INFO - SELECT @@sql_mode
2025-02-12 14:07:42,158 - INFO - [raw sql] {}
2025-02-12 14:07:42,158 - INFO - SELECT @@lower_case_table_names
2025-02-12 14:07:42,158 - INFO - [raw sql] {}
2025-02-12 14:07:42,159 - INFO - BEGIN (implicit)
2025-02-12 14:07:42,159 - INFO - DESCRIBE `kyc_db`.`users`
2025-02-12 14:07:42,159 - INFO - [raw sql] {}
2025-02-12 14:07:42,160 - INFO - DESCRIBE `kyc_db`.`documents`
2025-02-12 14:07:42,160 - INFO - [raw sql] {}
2025-02-12 14:07:42,160 - INFO - COMMIT
2025-02-12 14:07:42,160 - INFO - Tables created successfully!
2025-02-12 14:07:42,160 - INFO - Database setup completed successfully!
2025-02-12 14:08:39,220 - INFO - Starting database setup...
2025-02-12 14:08:39,220 - INFO - Checking if database 'kyc_db' exists...
2025-02-12 14:08:39,226 - INFO - Database 'kyc_db' already exists.
2025-02-12 14:08:39,226 - INFO - Creating tables if they do not exist...
2025-02-12 14:08:39,229 - INFO - SELECT DATABASE()
2025-02-12 14:08:39,230 - INFO - [raw sql] {}
2025-02-12 14:08:39,230 - INFO - SELECT @@sql_mode
2025-02-12 14:08:39,230 - INFO - [raw sql] {}
2025-02-12 14:08:39,230 - INFO - SELECT @@lower_case_table_names
2025-02-12 14:08:39,230 - INFO - [raw sql] {}
2025-02-12 14:08:39,230 - INFO - BEGIN (implicit)
2025-02-12 14:08:39,230 - INFO - DESCRIBE `kyc_db`.`users`
2025-02-12 14:08:39,230 - INFO - [raw sql] {}
2025-02-12 14:08:39,231 - INFO - DESCRIBE `kyc_db`.`documents`
2025-02-12 14:08:39,231 - INFO - [raw sql] {}
2025-02-12 14:08:39,232 - INFO - COMMIT
2025-02-12 14:08:39,232 - INFO - Tables created successfully!
2025-02-12 14:08:39,232 - INFO - Database setup completed successfully!
