2025-03-03 10:44:04,256 - INFO - ✅ Environment variables loaded successfully.
2025-03-03 10:44:04,323 - INFO - ✅ Database engine created successfully.
2025-03-03 10:44:04,404 - INFO - 🌍 CORS middleware configured.
2025-03-03 10:44:04,409 - INFO - 🔐 Authentication routes registered.
2025-03-03 10:44:04,410 - INFO - 👤 User routes registered (authentication required).
2025-03-03 10:44:04,411 - INFO - 🚀 Starting Smart KYC application...
2025-03-03 10:44:04,411 - INFO - 🚀 Initializing Database...
2025-03-03 10:44:04,422 - INFO - ✅ Database Initialized Successfully!
2025-03-03 10:44:04,422 - CRITICAL - ❌ Database initialization failed. Exiting application.
2025-03-03 10:47:11,935 - INFO - ✅ Environment variables loaded successfully.
2025-03-03 10:47:12,002 - INFO - ✅ Database engine created successfully.
2025-03-03 10:47:12,075 - INFO - 🌍 CORS middleware configured.
2025-03-03 10:47:12,080 - INFO - 🔐 Authentication routes registered.
2025-03-03 10:47:12,083 - INFO - 👤 User routes registered (authentication required).
2025-03-03 10:47:12,083 - INFO - 🚀 Starting Smart KYC application...
2025-03-03 10:47:12,083 - INFO - 🚀 Initializing Database...
2025-03-03 10:47:12,092 - INFO - ✅ Database Initialized Successfully!
2025-03-03 10:47:12,092 - CRITICAL - ❌ Database initialization failed. Exiting application.
2025-03-03 10:47:46,559 - INFO - ✅ Environment variables loaded successfully.
2025-03-03 10:47:46,626 - INFO - ✅ Database engine created successfully.
2025-03-03 10:47:46,699 - INFO - 🌍 CORS middleware configured.
2025-03-03 10:47:46,704 - INFO - 🔐 Authentication routes registered.
2025-03-03 10:47:46,706 - INFO - 👤 User routes registered (authentication required).
2025-03-03 10:47:46,706 - INFO - 🚀 Starting Smart KYC application...
2025-03-03 10:47:46,706 - INFO - 🚀 Initializing Database...
2025-03-03 10:47:46,713 - INFO - ✅ Database Initialized Successfully!
2025-03-03 10:47:46,713 - CRITICAL - ❌ Database initialization failed. Exiting application.
2025-03-03 10:47:48,365 - INFO - ✅ Environment variables loaded successfully.
2025-03-03 10:47:48,430 - INFO - ✅ Database engine created successfully.
2025-03-03 10:47:48,501 - INFO - 🌍 CORS middleware configured.
2025-03-03 10:47:48,506 - INFO - 🔐 Authentication routes registered.
2025-03-03 10:47:48,508 - INFO - 👤 User routes registered (authentication required).
2025-03-03 10:47:48,508 - INFO - 🚀 Starting Smart KYC application...
2025-03-03 10:47:48,508 - INFO - 🚀 Initializing Database...
2025-03-03 10:47:48,516 - INFO - ✅ Database Initialized Successfully!
2025-03-03 10:47:48,517 - CRITICAL - ❌ Database initialization failed. Exiting application.
2025-03-03 10:48:16,766 - INFO - ✅ Environment variables loaded successfully.
2025-03-03 10:48:16,829 - INFO - ✅ Database engine created successfully.
2025-03-03 10:48:16,901 - INFO - 🌍 CORS middleware configured.
2025-03-03 10:48:16,906 - INFO - 🔐 Authentication routes registered.
2025-03-03 10:48:16,908 - INFO - 👤 User routes registered (authentication required).
2025-03-03 10:48:16,909 - INFO - 🚀 Starting Smart KYC application...
2025-03-03 10:48:16,909 - INFO - 🚀 Initializing Database...
2025-03-03 10:48:16,916 - INFO - ✅ Database Initialized Successfully!
2025-03-03 10:48:16,916 - CRITICAL - ❌ Database initialization failed. Exiting application.
2025-03-03 10:48:17,804 - INFO - ✅ Environment variables loaded successfully.
2025-03-03 10:48:17,868 - INFO - ✅ Database engine created successfully.
2025-03-03 10:48:17,938 - INFO - 🌍 CORS middleware configured.
2025-03-03 10:48:17,943 - INFO - 🔐 Authentication routes registered.
2025-03-03 10:48:17,945 - INFO - 👤 User routes registered (authentication required).
2025-03-03 10:48:17,946 - INFO - 🚀 Starting Smart KYC application...
2025-03-03 10:48:17,946 - INFO - 🚀 Initializing Database...
2025-03-03 10:48:17,953 - INFO - ✅ Database Initialized Successfully!
2025-03-03 10:48:17,953 - CRITICAL - ❌ Database initialization failed. Exiting application.
2025-03-03 10:48:20,205 - INFO - ✅ Environment variables loaded successfully.
2025-03-03 10:48:20,269 - INFO - ✅ Database engine created successfully.
2025-03-03 10:48:20,342 - INFO - 🌍 CORS middleware configured.
2025-03-03 10:48:20,347 - INFO - 🔐 Authentication routes registered.
2025-03-03 10:48:20,348 - INFO - 👤 User routes registered (authentication required).
2025-03-03 10:48:20,349 - INFO - 🚀 Starting Smart KYC application...
2025-03-03 10:48:20,349 - INFO - 🚀 Initializing Database...
2025-03-03 10:48:20,357 - INFO - ✅ Database Initialized Successfully!
2025-03-03 10:48:20,357 - INFO - 🚀 Initializing Database...
2025-03-03 10:48:20,361 - INFO - ✅ Database Initialized Successfully!
2025-03-03 10:48:20,361 - CRITICAL - ❌ Database initialization failed. Exiting application.
2025-03-03 10:48:32,429 - INFO - ✅ Environment variables loaded successfully.
2025-03-03 10:48:32,495 - INFO - ✅ Database engine created successfully.
2025-03-03 10:48:32,570 - INFO - 🌍 CORS middleware configured.
2025-03-03 10:48:32,576 - INFO - 🔐 Authentication routes registered.
2025-03-03 10:48:32,577 - INFO - 👤 User routes registered (authentication required).
2025-03-03 10:48:32,578 - INFO - 🚀 Starting Smart KYC application...
2025-03-03 10:48:32,578 - INFO - 🚀 Initializing Database...
2025-03-03 10:48:32,587 - INFO - ✅ Database Initialized Successfully!
2025-03-03 10:48:32,587 - CRITICAL - ❌ Database initialization failed. Exiting application.
2025-03-03 10:48:33,475 - INFO - ✅ Environment variables loaded successfully.
2025-03-03 10:48:33,538 - INFO - ✅ Database engine created successfully.
2025-03-03 10:48:33,618 - INFO - 🌍 CORS middleware configured.
2025-03-03 10:48:33,626 - INFO - 🔐 Authentication routes registered.
2025-03-03 10:48:33,629 - INFO - 👤 User routes registered (authentication required).
2025-03-03 10:48:33,630 - INFO - 🚀 Starting Smart KYC application...
2025-03-03 10:48:33,630 - INFO - 🚀 Initializing Database...
2025-03-03 10:48:33,640 - INFO - ✅ Database Initialized Successfully!
2025-03-03 10:48:33,640 - CRITICAL - ❌ Database initialization failed. Exiting application.
2025-03-03 10:48:34,505 - INFO - ✅ Environment variables loaded successfully.
2025-03-03 10:48:34,570 - INFO - ✅ Database engine created successfully.
2025-03-03 10:48:34,643 - INFO - 🌍 CORS middleware configured.
2025-03-03 10:48:34,648 - INFO - 🔐 Authentication routes registered.
2025-03-03 10:48:34,650 - INFO - 👤 User routes registered (authentication required).
2025-03-03 10:48:34,650 - INFO - 🚀 Starting Smart KYC application...
2025-03-03 10:48:34,651 - INFO - 🚀 Initializing Database...
2025-03-03 10:48:34,658 - INFO - ✅ Database Initialized Successfully!
2025-03-03 10:48:34,658 - CRITICAL - ❌ Database initialization failed. Exiting application.
2025-03-03 10:49:38,826 - INFO - ✅ Environment variables loaded successfully.
2025-03-03 10:49:38,891 - INFO - ✅ Database engine created successfully.
2025-03-03 10:49:38,964 - INFO - 🌍 CORS middleware configured.
2025-03-03 10:49:38,969 - INFO - 🔐 Authentication routes registered.
2025-03-03 10:49:38,971 - INFO - 👤 User routes registered (authentication required).
2025-03-03 10:49:38,972 - INFO - 🚀 Starting Smart KYC application...
2025-03-03 10:49:38,972 - INFO - 🚀 Initializing Database...
2025-03-03 10:49:38,979 - INFO - ✅ Database Initialized Successfully!
2025-03-03 10:49:39,001 - INFO - ✅ Database initialized and reference tables seeded.
2025-03-03 10:52:31,348 - INFO - 🛑 Shutting down Smart KYC application...
2025-03-03 10:52:31,961 - INFO - ✅ Environment variables loaded successfully.
2025-03-03 10:52:32,017 - INFO - ✅ Database engine created successfully.
2025-03-03 10:52:45,347 - INFO - ✅ Environment variables loaded successfully.
2025-03-03 10:52:45,411 - INFO - ✅ Database engine created successfully.
2025-03-03 10:52:45,484 - INFO - 🌍 CORS middleware configured.
2025-03-03 10:52:45,489 - INFO - 🔐 Authentication routes registered.
2025-03-03 10:52:45,491 - INFO - 👤 User routes registered (authentication required).
2025-03-03 10:52:45,492 - INFO - 🚀 Starting Smart KYC application...
2025-03-03 10:52:45,492 - INFO - 🚀 Initializing Database...
2025-03-03 10:52:45,499 - INFO - ✅ Database Initialized Successfully!
2025-03-03 10:52:45,514 - INFO - ✅ Database initialized and reference tables seeded.
2025-03-03 10:52:48,122 - INFO - 🛑 Shutting down Smart KYC application...
2025-03-03 10:52:48,998 - INFO - ✅ Environment variables loaded successfully.
2025-03-03 10:52:49,063 - INFO - ✅ Database engine created successfully.
2025-03-03 10:52:49,135 - INFO - 🌍 CORS middleware configured.
2025-03-03 10:52:49,140 - INFO - 🔐 Authentication routes registered.
2025-03-03 10:52:49,142 - INFO - 👤 User routes registered (authentication required).
2025-03-03 10:52:49,142 - INFO - 🚀 Starting Smart KYC application...
2025-03-03 10:52:49,142 - INFO - 🚀 Initializing Database...
2025-03-03 10:52:49,150 - INFO - ✅ Database Initialized Successfully!
2025-03-03 10:52:49,163 - INFO - ✅ Database initialized and reference tables seeded.
2025-03-03 10:52:58,691 - INFO - 🛑 Shutting down Smart KYC application...
2025-03-03 10:52:59,572 - INFO - ✅ Environment variables loaded successfully.
2025-03-03 10:52:59,637 - INFO - ✅ Database engine created successfully.
2025-03-03 10:52:59,709 - INFO - 🌍 CORS middleware configured.
2025-03-03 10:52:59,714 - INFO - 🔐 Authentication routes registered.
2025-03-03 10:52:59,716 - INFO - 👤 User routes registered (authentication required).
2025-03-03 10:52:59,717 - INFO - 🚀 Starting Smart KYC application...
2025-03-03 10:52:59,717 - INFO - 🚀 Initializing Database...
2025-03-03 10:52:59,725 - INFO - ✅ Database Initialized Successfully!
2025-03-03 10:52:59,739 - INFO - ✅ Database initialized and reference tables seeded.
2025-03-03 10:53:02,948 - INFO - 🛑 Shutting down Smart KYC application...
2025-03-03 10:53:03,829 - INFO - ✅ Environment variables loaded successfully.
2025-03-03 10:53:03,892 - INFO - ✅ Database engine created successfully.
2025-03-03 10:53:03,964 - INFO - 🌍 CORS middleware configured.
2025-03-03 10:53:03,969 - INFO - 🔐 Authentication routes registered.
2025-03-03 10:53:03,971 - INFO - 👤 User routes registered (authentication required).
2025-03-03 10:53:03,972 - INFO - 🚀 Starting Smart KYC application...
2025-03-03 10:53:03,972 - INFO - 🚀 Initializing Database...
2025-03-03 10:53:03,979 - INFO - ✅ Database Initialized Successfully!
2025-03-03 10:53:03,992 - INFO - ✅ Database initialized and reference tables seeded.
2025-03-03 10:54:36,732 - INFO - 🛑 Shutting down Smart KYC application...
2025-03-03 10:54:37,594 - INFO - ✅ Environment variables loaded successfully.
2025-03-03 10:54:37,659 - INFO - ✅ Database engine created successfully.
2025-03-03 10:54:37,739 - INFO - 🌍 CORS middleware configured.
2025-03-03 10:54:37,748 - INFO - 🔐 Authentication routes registered.
2025-03-03 10:54:37,750 - INFO - 👤 User routes registered (authentication required).
2025-03-03 10:54:37,752 - INFO - 🚀 Starting Smart KYC application...
2025-03-03 10:54:37,752 - INFO - 🚀 Initializing Database...
2025-03-03 10:54:37,760 - INFO - ✅ Database Initialized Successfully!
2025-03-03 10:54:37,774 - INFO - ✅ Database initialized and reference tables seeded.
2025-03-03 10:55:52,176 - INFO - 🛑 Shutting down Smart KYC application...
2025-03-03 10:55:53,070 - INFO - ✅ Environment variables loaded successfully.
2025-03-03 10:55:53,135 - INFO - ✅ Database engine created successfully.
2025-03-03 10:55:53,208 - INFO - 🌍 CORS middleware configured.
2025-03-03 10:55:53,213 - INFO - 🔐 Authentication routes registered.
2025-03-03 10:55:53,215 - INFO - 👤 User routes registered (authentication required).
2025-03-03 10:55:53,216 - INFO - 🚀 Starting Smart KYC application...
2025-03-03 10:55:53,216 - INFO - 🚀 Initializing Database...
2025-03-03 10:55:53,223 - INFO - ✅ Database Initialized Successfully!
2025-03-03 10:55:53,237 - INFO - ✅ Database initialized and reference tables seeded.
2025-03-03 10:55:57,350 - INFO - 🛑 Shutting down Smart KYC application...
2025-03-03 10:55:58,231 - INFO - ✅ Environment variables loaded successfully.
2025-03-03 10:55:58,296 - INFO - ✅ Database engine created successfully.
2025-03-03 10:55:58,369 - INFO - 🌍 CORS middleware configured.
2025-03-03 10:55:58,374 - INFO - 🔐 Authentication routes registered.
2025-03-03 10:55:58,375 - INFO - 👤 User routes registered (authentication required).
2025-03-03 10:55:58,377 - INFO - 🚀 Starting Smart KYC application...
2025-03-03 10:55:58,377 - INFO - 🚀 Initializing Database...
2025-03-03 10:55:58,383 - INFO - ✅ Database Initialized Successfully!
2025-03-03 10:55:58,397 - INFO - ✅ Database initialized and reference tables seeded.
2025-03-03 10:56:01,607 - INFO - 🛑 Shutting down Smart KYC application...
2025-03-03 10:56:02,468 - INFO - ✅ Environment variables loaded successfully.
2025-03-03 10:56:02,534 - INFO - ✅ Database engine created successfully.
2025-03-03 10:56:02,606 - INFO - 🌍 CORS middleware configured.
2025-03-03 10:56:02,611 - INFO - 🔐 Authentication routes registered.
2025-03-03 10:56:02,613 - INFO - 👤 User routes registered (authentication required).
2025-03-03 10:56:02,614 - INFO - 🚀 Starting Smart KYC application...
2025-03-03 10:56:02,614 - INFO - 🚀 Initializing Database...
2025-03-03 10:56:02,621 - INFO - ✅ Database Initialized Successfully!
2025-03-03 10:56:02,635 - INFO - ✅ Database initialized and reference tables seeded.
2025-03-03 10:57:16,940 - INFO - 🛑 Shutting down Smart KYC application...
2025-03-03 10:57:17,811 - INFO - ✅ Environment variables loaded successfully.
2025-03-03 10:57:17,813 - INFO - ✅ SQLAlchemy Base model initialized.
2025-03-03 10:57:17,875 - INFO - ✅ Database engine created successfully.
2025-03-03 10:57:17,947 - INFO - 🌍 CORS middleware configured.
2025-03-03 10:57:17,952 - INFO - 🔐 Authentication routes registered.
2025-03-03 10:57:17,954 - INFO - 👤 User routes registered (authentication required).
2025-03-03 10:57:17,955 - INFO - 🚀 Starting Smart KYC application...
2025-03-03 10:57:17,955 - INFO - 🚀 Initializing Database...
2025-03-03 10:57:17,962 - INFO - ✅ Database Initialized Successfully!
2025-03-03 10:57:17,976 - INFO - ✅ Database initialized and reference tables seeded.
2025-03-03 10:57:23,191 - INFO - 🛑 Shutting down Smart KYC application...
2025-03-03 10:57:24,063 - INFO - ✅ Environment variables loaded successfully.
2025-03-03 10:57:24,128 - INFO - ✅ Database engine created successfully.
2025-03-03 10:57:24,201 - INFO - 🌍 CORS middleware configured.
2025-03-03 10:57:24,206 - INFO - 🔐 Authentication routes registered.
2025-03-03 10:57:24,208 - INFO - 👤 User routes registered (authentication required).
2025-03-03 10:57:24,209 - INFO - 🚀 Starting Smart KYC application...
2025-03-03 10:57:24,209 - INFO - 🚀 Initializing Database...
2025-03-03 10:57:24,216 - INFO - ✅ Database Initialized Successfully!
2025-03-03 10:57:24,230 - INFO - ✅ Database initialized and reference tables seeded.
2025-03-03 10:57:37,667 - INFO - 🛑 Shutting down Smart KYC application...
2025-03-03 10:57:38,537 - INFO - ✅ Environment variables loaded successfully.
2025-03-03 10:57:38,539 - INFO - ✅ SQLAlchemy Base model initialized.
2025-03-03 10:57:38,602 - INFO - ✅ Database engine created successfully.
2025-03-03 10:57:38,674 - INFO - 🌍 CORS middleware configured.
2025-03-03 10:57:38,679 - INFO - 🔐 Authentication routes registered.
2025-03-03 10:57:38,681 - INFO - 👤 User routes registered (authentication required).
2025-03-03 10:57:38,682 - INFO - 🚀 Starting Smart KYC application...
2025-03-03 10:57:38,682 - INFO - 🚀 Initializing Database...
2025-03-03 10:57:38,689 - INFO - ✅ Database Initialized Successfully!
2025-03-03 10:57:38,703 - INFO - ✅ Database initialized and reference tables seeded.
2025-03-03 10:58:59,015 - INFO - 🛑 Shutting down Smart KYC application...
2025-03-03 10:58:59,873 - INFO - ✅ Environment variables loaded successfully.
2025-03-03 10:58:59,875 - INFO - ✅ SQLAlchemy Base model initialized.
2025-03-03 10:58:59,936 - INFO - ✅ Database engine created successfully.
2025-03-03 10:59:00,006 - INFO - 🌍 CORS middleware configured.
2025-03-03 10:59:00,011 - INFO - 🔐 Authentication routes registered.
2025-03-03 10:59:00,013 - INFO - 👤 User routes registered (authentication required).
2025-03-03 10:59:00,014 - INFO - 🚀 Starting Smart KYC application...
2025-03-03 10:59:00,014 - INFO - 🚀 Initializing Database...
2025-03-03 10:59:00,021 - INFO - ✅ Database Initialized Successfully!
2025-03-03 10:59:00,034 - INFO - ✅ Database initialized and reference tables seeded.
2025-03-03 11:00:26,151 - INFO - 🛑 Shutting down Smart KYC application...
2025-03-03 11:00:27,088 - INFO - ✅ Environment variables loaded successfully.
2025-03-03 11:00:27,157 - INFO - ✅ Database engine created successfully.
2025-03-03 11:00:27,230 - INFO - 🌍 CORS middleware configured.
2025-03-03 11:00:27,235 - INFO - 🔐 Authentication routes registered.
2025-03-03 11:00:27,237 - INFO - 👤 User routes registered (authentication required).
2025-03-03 11:00:27,238 - INFO - 🚀 Starting Smart KYC application...
2025-03-03 11:00:27,238 - INFO - 🚀 Initializing Database...
2025-03-03 11:00:27,245 - INFO - ✅ Database Initialized Successfully!
2025-03-03 11:00:27,259 - INFO - ✅ Database initialized and reference tables seeded.
2025-03-03 11:00:28,364 - INFO - 🛑 Shutting down Smart KYC application...
2025-03-03 11:00:29,238 - INFO - ✅ Environment variables loaded successfully.
2025-03-03 11:00:29,309 - INFO - ✅ Database engine created successfully.
2025-03-03 11:00:29,386 - INFO - 🌍 CORS middleware configured.
2025-03-03 11:00:29,391 - INFO - 🔐 Authentication routes registered.
2025-03-03 11:00:29,393 - INFO - 👤 User routes registered (authentication required).
2025-03-03 11:00:29,394 - INFO - 🚀 Starting Smart KYC application...
2025-03-03 11:00:29,394 - INFO - 🚀 Initializing Database...
2025-03-03 11:00:29,402 - INFO - ✅ Database Initialized Successfully!
2025-03-03 11:00:29,416 - INFO - ✅ Database initialized and reference tables seeded.
